[13-Apr-2025 02:00:02] NOTICE: fpm is running, pid 1366
[13-Apr-2025 02:00:02] NOTICE: ready to handle connections
[14-Apr-2025 08:07:29] NOTICE: Terminating ...
[14-Apr-2025 08:07:29] NOTICE: exiting, bye-bye!
[14-Apr-2025 08:08:00] NOTICE: fpm is running, pid 736
[14-Apr-2025 08:08:00] NOTICE: ready to handle connections
[25-Apr-2025 19:14:39] NOTICE: fpm is running, pid 737
[25-Apr-2025 19:14:39] NOTICE: ready to handle connections
[25-Apr-2025 19:16:00] NOTICE: Terminating ...
[25-Apr-2025 19:16:00] NOTICE: exiting, bye-bye!
[25-Apr-2025 19:16:11] NOTICE: fpm is running, pid 738
[25-Apr-2025 19:16:11] NOTICE: ready to handle connections
[25-Apr-2025 19:17:34] NOTICE: Terminating ...
[25-Apr-2025 19:17:34] NOTICE: exiting, bye-bye!
[25-Apr-2025 19:20:43] NOTICE: fpm is running, pid 744
[25-Apr-2025 19:20:43] NOTICE: ready to handle connections
[26-Apr-2025 15:31:46] NOTICE: Terminating ...
[26-Apr-2025 15:31:46] NOTICE: exiting, bye-bye!
[22-May-2025 10:43:21] NOTICE: fpm is running, pid 736
[22-May-2025 10:43:21] NOTICE: ready to handle connections
[22-May-2025 12:08:37] NOTICE: fpm is running, pid 730
[22-May-2025 12:08:37] NOTICE: ready to handle connections
[22-May-2025 12:11:05] NOTICE: Terminating ...
[22-May-2025 12:11:05] NOTICE: exiting, bye-bye!
[22-May-2025 12:11:15] NOTICE: fpm is running, pid 737
[22-May-2025 12:11:15] NOTICE: ready to handle connections
[22-May-2025 12:18:48] NOTICE: Terminating ...
[22-May-2025 12:18:48] NOTICE: exiting, bye-bye!
[22-May-2025 12:19:13] NOTICE: fpm is running, pid 737
[22-May-2025 12:19:13] NOTICE: ready to handle connections
[22-May-2025 12:23:13] NOTICE: Terminating ...
[22-May-2025 12:23:13] NOTICE: exiting, bye-bye!
[22-May-2025 12:24:32] NOTICE: fpm is running, pid 738
[22-May-2025 12:24:32] NOTICE: ready to handle connections
[22-May-2025 12:25:16] NOTICE: Terminating ...
[22-May-2025 12:25:16] NOTICE: exiting, bye-bye!
[22-May-2025 12:25:43] NOTICE: fpm is running, pid 736
[22-May-2025 12:25:43] NOTICE: ready to handle connections
[22-May-2025 12:45:27] NOTICE: Terminating ...
[22-May-2025 12:45:27] NOTICE: exiting, bye-bye!
[22-May-2025 12:45:41] NOTICE: fpm is running, pid 743
[22-May-2025 12:45:41] NOTICE: ready to handle connections
[22-May-2025 12:51:10] NOTICE: Terminating ...
[22-May-2025 12:51:10] NOTICE: exiting, bye-bye!
[22-May-2025 12:53:54] NOTICE: fpm is running, pid 735
[22-May-2025 12:53:54] NOTICE: ready to handle connections
[22-May-2025 12:55:03] NOTICE: Terminating ...
[22-May-2025 12:55:03] NOTICE: exiting, bye-bye!
[22-May-2025 12:55:34] NOTICE: fpm is running, pid 741
[22-May-2025 12:55:34] NOTICE: ready to handle connections
[22-May-2025 13:08:18] NOTICE: fpm is running, pid 741
[22-May-2025 13:08:18] NOTICE: ready to handle connections
[22-May-2025 13:08:23] NOTICE: Terminating ...
[22-May-2025 13:08:23] NOTICE: exiting, bye-bye!
[22-May-2025 13:11:24] NOTICE: fpm is running, pid 740
[22-May-2025 13:11:24] NOTICE: ready to handle connections
[22-May-2025 13:14:12] NOTICE: Terminating ...
[22-May-2025 13:14:12] NOTICE: exiting, bye-bye!
[22-May-2025 13:15:22] NOTICE: fpm is running, pid 736
[22-May-2025 13:15:22] NOTICE: ready to handle connections
[22-May-2025 13:16:28] NOTICE: Terminating ...
[22-May-2025 13:16:28] NOTICE: exiting, bye-bye!
[22-May-2025 13:18:44] NOTICE: fpm is running, pid 735
[22-May-2025 13:18:44] NOTICE: ready to handle connections
[22-May-2025 13:21:31] NOTICE: fpm is running, pid 737
[22-May-2025 13:21:31] NOTICE: ready to handle connections
[22-May-2025 13:21:56] NOTICE: Terminating ...
[22-May-2025 13:21:56] NOTICE: exiting, bye-bye!
[22-May-2025 13:22:08] NOTICE: fpm is running, pid 740
[22-May-2025 13:22:08] NOTICE: ready to handle connections
[22-May-2025 13:22:10] NOTICE: Terminating ...
[22-May-2025 13:22:10] NOTICE: exiting, bye-bye!
[22-May-2025 13:24:41] NOTICE: fpm is running, pid 733
[22-May-2025 13:24:41] NOTICE: ready to handle connections
[22-May-2025 13:25:02] NOTICE: Terminating ...
[22-May-2025 13:25:02] NOTICE: exiting, bye-bye!
[22-May-2025 13:25:37] NOTICE: fpm is running, pid 730
[22-May-2025 13:25:37] NOTICE: ready to handle connections
[22-May-2025 13:26:07] NOTICE: Terminating ...
[22-May-2025 13:26:07] NOTICE: exiting, bye-bye!
[22-May-2025 13:26:28] NOTICE: fpm is running, pid 739
[22-May-2025 13:26:28] NOTICE: ready to handle connections
[22-May-2025 13:27:53] NOTICE: Terminating ...
[22-May-2025 13:27:53] NOTICE: exiting, bye-bye!
[22-May-2025 13:45:13] NOTICE: fpm is running, pid 774
[22-May-2025 13:45:13] NOTICE: ready to handle connections
[22-May-2025 13:46:08] NOTICE: Terminating ...
[22-May-2025 13:46:08] NOTICE: exiting, bye-bye!
[22-May-2025 13:46:27] NOTICE: fpm is running, pid 769
[22-May-2025 13:46:27] NOTICE: ready to handle connections
[22-May-2025 13:46:47] NOTICE: Terminating ...
[22-May-2025 13:46:47] NOTICE: exiting, bye-bye!
[22-May-2025 13:46:55] NOTICE: fpm is running, pid 772
[22-May-2025 13:46:55] NOTICE: ready to handle connections
[22-May-2025 13:50:11] NOTICE: Terminating ...
[22-May-2025 13:50:11] NOTICE: exiting, bye-bye!
[22-May-2025 13:52:33] NOTICE: fpm is running, pid 770
[22-May-2025 13:52:33] NOTICE: ready to handle connections
[22-May-2025 13:52:44] NOTICE: Terminating ...
[22-May-2025 13:52:44] NOTICE: exiting, bye-bye!
[22-May-2025 13:53:10] NOTICE: fpm is running, pid 770
[22-May-2025 13:53:10] NOTICE: ready to handle connections
[22-May-2025 13:53:23] NOTICE: Terminating ...
[22-May-2025 13:53:23] NOTICE: exiting, bye-bye!
[22-May-2025 13:54:00] NOTICE: fpm is running, pid 772
[22-May-2025 13:54:00] NOTICE: ready to handle connections
[22-May-2025 14:28:47] NOTICE: Terminating ...
[22-May-2025 14:28:47] NOTICE: exiting, bye-bye!
[22-May-2025 14:28:55] NOTICE: fpm is running, pid 771
[22-May-2025 14:28:55] NOTICE: ready to handle connections
[22-May-2025 16:33:39] NOTICE: Terminating ...
[22-May-2025 16:33:39] NOTICE: exiting, bye-bye!
